<?xml version="1.0" encoding="UTF-8"?>
<!-- Generated by org.testng.reporters.JUnitReportReporter -->
<testsuite hostname="USER-PC" name="com.Task.ParallelTestNGTest" tests="1" failures="0" timestamp="2 Mar 2019 08:09:26 GMT" time="230.677" errors="0">
  <testcase name="test" time="230.677" classname="com.Task.ParallelTestNGTest"/>
</testsuite> <!-- com.Task.ParallelTestNGTest -->
