<?xml version="1.0" encoding="UTF-8"?>
<!-- Generated by org.testng.reporters.JUnitReportReporter -->
<testsuite hostname="USER-PC" name="com.Task.ParallelTestNGTest2" tests="1" failures="0" timestamp="2 Mar 2019 08:09:26 GMT" time="57.532" errors="0">
  <testcase name="test" time="57.532" classname="com.Task.ParallelTestNGTest2"/>
</testsuite> <!-- com.Task.ParallelTestNGTest2 -->
